Checking whether the ASM compiler is GNU using "--version" did not match "(GNU assembler)|(GCC)|(Free Software Foundation)":
Apple LLVM version 10.0.1 (clang-1001.0.46.4)
Target: x86_64-apple-darwin18.7.0
Thread model: posix
InstalledDir: /Applications/Xcode.app/Contents/Developer/Toolchains/XcodeDefault.xctoolchain/usr/bin
Checking whether the ASM compiler is Clang using "--version" did not match "(clang version)":
Apple LLVM version 10.0.1 (clang-1001.0.46.4)
Target: x86_64-apple-darwin18.7.0
Thread model: posix
InstalledDir: /Applications/Xcode.app/Contents/Developer/Toolchains/XcodeDefault.xctoolchain/usr/bin
Performing C++ SOURCE FILE Test CXX_SUPPORTS_WE4062 failed with the following output:
Change Dir: /Users/zhuzhenhua/Documents/SwiftSourceCode/build/Xcode-ReleaseAssert/swift-macosx-x86_64/CMakeFiles/CMakeTmp

Run Build Command(s):/usr/bin/xcodebuild -project CMAKE_TRY_COMPILE.xcodeproj build -target cmTC_f95f7 -configuration Debug -hideShellScriptEnvironment && User defaults from command line:
    HideShellScriptEnvironment = YES

Build settings from command line:
    TOOLCHAINS = default

Prepare build
note: Using legacy build system

=== BUILD TARGET cmTC_f95f7 OF PROJECT CMAKE_TRY_COMPILE WITH CONFIGURATION Debug ===

Check dependencies

Write auxiliary files
/bin/mkdir -p /Users/zhuzhenhua/Documents/SwiftSourceCode/build/Xcode-ReleaseAssert/swift-macosx-x86_64/CMakeFiles/CMakeTmp/CMAKE_TRY_COMPILE.build/Debug/cmTC_f95f7.build/Objects-normal/x86_64
write-file /Users/zhuzhenhua/Documents/SwiftSourceCode/build/Xcode-ReleaseAssert/swift-macosx-x86_64/CMakeFiles/CMakeTmp/CMAKE_TRY_COMPILE.build/Debug/cmTC_f95f7.build/Objects-normal/x86_64/cmTC_f95f7.LinkFileList

CompileC CMAKE_TRY_COMPILE.build/Debug/cmTC_f95f7.build/Objects-normal/x86_64/src.o src.cxx normal x86_64 c++ com.apple.compilers.llvm.clang.1_0.compiler
    cd /Users/zhuzhenhua/Documents/SwiftSourceCode/build/Xcode-ReleaseAssert/swift-macosx-x86_64/CMakeFiles/CMakeTmp
    /Applications/Xcode.app/Contents/Developer/Toolchains/XcodeDefault.xctoolchain/usr/bin/clang -x c++ -arch x86_64 -fmessage-length=0 -fdiagnostics-show-note-include-stack -fmacro-backtrace-limit=0 -Wno-trigraphs -fpascal-strings -O0 -Wno-missing-field-initializers -Wno-missing-prototypes -Wno-return-type -Wno-non-virtual-dtor -Wno-overloaded-virtual -Wno-exit-time-destructors -Wno-missing-braces -Wparentheses -Wswitch -Wno-unused-function -Wno-unused-label -Wno-unused-parameter -Wno-unused-variable -Wunused-value -Wno-empty-body -Wno-uninitialized -Wno-unknown-pragmas -Wno-shadow -Wno-four-char-constants -Wno-conversion -Wno-constant-conversion -Wno-int-conversion -Wno-bool-conversion -Wno-enum-conversion -Wno-float-conversion -Wno-non-literal-null-conversion -Wno-objc-literal-conversion -Wno-shorten-64-to-32 -Wno-newline-eof -Wno-c++11-extensions -DCMAKE_INTDIR=\"Debug\" -isysroot /Applications/Xcode.app/Contents/Developer/Platforms/MacOSX.platform/Developer/SDKs/MacOSX10.14.sdk -fasm-blocks -fstrict-aliasing -Wdeprecated-declarations -Winvalid-offsetof -mmacosx-version-min=10.14 -g -Wno-sign-conversion -Wno-infinite-recursion -Wno-move -Wno-comma -Wno-block-capture-autoreleasing -Wno-strict-prototypes -Wno-range-loop-analysis -Wno-semicolon-before-method-body -I/Users/zhuzhenhua/Documents/SwiftSourceCode/build/Xcode-ReleaseAssert/swift-macosx-x86_64/CMakeFiles/CMakeTmp/Debug/include -I/Users/zhuzhenhua/Documents/SwiftSourceCode/build/Xcode-ReleaseAssert/swift-macosx-x86_64/CMakeFiles/CMakeTmp/CMAKE_TRY_COMPILE.build/Debug/cmTC_f95f7.build/DerivedSources-normal/x86_64 -I/Users/zhuzhenhua/Documents/SwiftSourceCode/build/Xcode-ReleaseAssert/swift-macosx-x86_64/CMakeFiles/CMakeTmp/CMAKE_TRY_COMPILE.build/Debug/cmTC_f95f7.build/DerivedSources/x86_64 -I/Users/zhuzhenhua/Documents/SwiftSourceCode/build/Xcode-ReleaseAssert/swift-macosx-x86_64/CMakeFiles/CMakeTmp/CMAKE_TRY_COMPILE.build/Debug/cmTC_f95f7.build/DerivedSources -Wmost -Wno-four-char-constants -Wno-unknown-pragmas -F/Users/zhuzhenhua/Documents/SwiftSourceCode/build/Xcode-ReleaseAssert/swift-macosx-x86_64/CMakeFiles/CMakeTmp/Debug -Wno-unknown-warning-option -Werror=unguarded-availability-new -fno-stack-protector -fvisibility-inlines-hidden -Werror=date-time -Werror=unguarded-availability-new -std=c++11 -Wall -Wextra -Wno-unused-parameter -Wwrite-strings -Wcast-qual -Wmissing-field-initializers -Wimplicit-fallthrough -Wcovered-switch-default -Wno-class-memaccess -Wno-noexcept-type -Wnon-virtual-dtor -Wdelete-non-virtual-dtor -Wstring-conversion -Werror=switch -DCXX_SUPPORTS_WE4062 /we4062 -MMD -MT dependencies -MF /Users/zhuzhenhua/Documents/SwiftSourceCode/build/Xcode-ReleaseAssert/swift-macosx-x86_64/CMakeFiles/CMakeTmp/CMAKE_TRY_COMPILE.build/Debug/cmTC_f95f7.build/Objects-normal/x86_64/src.d --serialize-diagnostics /Users/zhuzhenhua/Documents/SwiftSourceCode/build/Xcode-ReleaseAssert/swift-macosx-x86_64/CMakeFiles/CMakeTmp/CMAKE_TRY_COMPILE.build/Debug/cmTC_f95f7.build/Objects-normal/x86_64/src.dia -c /Users/zhuzhenhua/Documents/SwiftSourceCode/build/Xcode-ReleaseAssert/swift-macosx-x86_64/CMakeFiles/CMakeTmp/src.cxx -o /Users/zhuzhenhua/Documents/SwiftSourceCode/build/Xcode-ReleaseAssert/swift-macosx-x86_64/CMakeFiles/CMakeTmp/CMAKE_TRY_COMPILE.build/Debug/cmTC_f95f7.build/Objects-normal/x86_64/src.o
clang: error: no such file or directory: '/we4062'

** BUILD FAILED **


The following build commands failed:
	CompileC CMAKE_TRY_COMPILE.build/Debug/cmTC_f95f7.build/Objects-normal/x86_64/src.o src.cxx normal x86_64 c++ com.apple.compilers.llvm.clang.1_0.compiler
(1 failure)


Source file was:
int main() { return 0; }
